<?xml version="1.0" encoding="UTF-8"?>
<!-- Generated by org.testng.reporters.JUnitReportReporter -->
<testsuite name="test.java.URL_001" tests="1" time="158.020" ignored="0" failures="0" timestamp="23 Jan 2017 13:55:35 GMT" skipped="0" hostname="yatindra-HP" errors="0">
  <testcase name="url_1" time="158.020" classname="test.java.URL_001"/>
</testsuite> <!-- test.java.URL_001 -->
