<?xml version="1.0" encoding="UTF-8"?>
<!-- Generated by org.testng.reporters.JUnitReportReporter -->
<testsuite hostname="yatindra-HP" name="urlMonitoring.TC001" tests="1" failures="0" timestamp="15 Jan 2017 17:18:55 GMT" time="61.419" errors="0">
  <testcase name="url_1" time="61.419" classname="urlMonitoring.TC001"/>
</testsuite> <!-- urlMonitoring.TC001 -->
